{"message":"Unauthorized request to path: /bookmarks","level":"error"}
{"message":"Unauthorized request to path: /bookmarks","level":"error"}
{"message":"Unauthorized request to path: /bookmarks","level":"error"}
{"message":"Unauthorized request to path: /bookmarks","level":"error"}
{"message":"Unauthorized request to path: /bookmarks","level":"error"}
{"message":"Unauthorized request to path: /bookmarks","level":"error"}
{"message":"Unauthorized request to path: /bookmarks","level":"error"}
{"message":"Unauthorized request to path: /bookmarks","level":"error"}
{"message":"Unauthorized request to path: /bookmarks","level":"error"}
{"message":"Unauthorized request to path: /bookmarks","level":"error"}
{"message":"Unauthorized request to path: /bookmarks","level":"error"}
{"message":"Unauthorized request to path: /bookmarks","level":"error"}
{"message":"Unauthorized request to path: /bookmarks","level":"error"}
{"message":"Unauthorized request to path: /bookmarks","level":"error"}
{"message":"Unauthorized request to path: /bookmarks","level":"error"}
{"message":"Unauthorized request to path: /bookmarks","level":"error"}
{"message":"Unauthorized request to path: /bookmarks","level":"error"}
{"message":"Unauthorized request to path: /bookmarks","level":"error"}
{"message":"Unauthorized request to path: /bookmarks","level":"error"}
{"message":"Unauthorized request to path: /bookmarks","level":"error"}
{"message":"Unauthorized request to path: /bookmarks","level":"error"}
{"message":"Unauthorized request to path: /bookmarks","level":"error"}
{"message":"Unauthorized request to path: /bookmarks","level":"error"}
{"message":"Title is required","level":"error"}
{"message":"URL is required","level":"error"}
{"message":"Unauthorized request to path: /bookmarks","level":"error"}
{"message":"Unauthorized request to path: /bookmarks","level":"error"}
{"message":"Description is required","level":"error"}
{"message":"Rating is required","level":"error"}
{"message":"Unauthorized request to path: /bookmarks","level":"error"}
{"message":"Unauthorized request to path: /bookmarks","level":"error"}
{"message":"Unauthorized request to path: /bookmarks","level":"error"}
{"message":"Unauthorized request to path: /bookmarks","level":"error"}
{"message":"Unauthorized request to path: /bookmarks","level":"error"}
{"message":"Unauthorized request to path: /bookmarks","level":"error"}
{"message":"Unauthorized request to path: /bookmarks","level":"error"}
{"message":"Unauthorized request to path: /bookmarks","level":"error"}
{"message":"Unauthorized request to path: /bookmarks","level":"error"}
{"message":"Unauthorized request to path: /bookmarks","level":"error"}
{"message":"Unauthorized request to path: /bookmarks","level":"error"}
{"message":"Unauthorized request to path: /bookmarks","level":"error"}
{"message":"Unauthorized request to path: /bookmarks","level":"error"}
{"message":"Unauthorized request to path: /bookmarks","level":"error"}
{"message":"Unauthorized request to path: /bookmarks","level":"error"}
{"message":"Unauthorized request to path: /bookmarks","level":"error"}
{"message":"Bookmark with id 62b83a24-044e-45bf-ab8e-83d351dfa80a\" not found.","level":"error"}
{"message":"Bookmark with id 62b83a24-044e-45bf-ab8e-83d351dfa80a not found.","level":"error"}
{"message":"Unauthorized request to path: /bookmarks","level":"error"}
{"message":"Unauthorized request to path: /bookmarks","level":"error"}
{"message":"Unauthorized request to path: /bookmarks","level":"error"}
{"message":"Unauthorized request to path: /bookmarks","level":"error"}
{"message":"Unauthorized request to path: /bookmarks","level":"error"}
{"message":"Unauthorized request to path: /bookmarks","level":"error"}
{"message":"Bookmark with id 73e8c610-0cc3-4306-973b-090815ff8557 deleted.","level":"info"}
{"message":"Unauthorized request to path: /bookmarks","level":"error"}
{"message":"Bookmark with id e17c0ad0-63e9-4c16-8b57-3895b0466594 deleted.","level":"info"}
{"message":"Unauthorized request to path: /bookmarks","level":"error"}
{"message":"Bookmark with id 17fe9d4e-9c38-4373-bdd0-07467f0a0ad3 deleted.","level":"info"}
{"message":"Unauthorized request to path: /bookmarks","level":"error"}
{"message":"Unauthorized request to path: /bookmarks","level":"error"}
{"message":"Unauthorized request to path: /bookmarks","level":"error"}
{"message":"Unauthorized request to path: /bookmarks","level":"error"}
{"message":"Unauthorized request to path: /bookmarks","level":"error"}
{"message":"Bookmark with id ab425363-b8cf-48b3-9ee9-1fe9e9737383 deleted.","level":"info"}
{"message":"Unauthorized request to path: /bookmarks/","level":"error"}
{"message":"Unauthorized request to path: /bookmarks","level":"error"}
{"message":"Unauthorized request to path: /bookmarks","level":"error"}
{"message":"Unauthorized request to path: /bookmarks","level":"error"}
{"message":"Unauthorized request to path: /bookmarks","level":"error"}
{"message":"Unauthorized request to path: /bookmarks","level":"error"}
{"message":"Unauthorized request to path: /bookmarks","level":"error"}
{"message":"Unauthorized request to path: /bookmarks","level":"error"}
{"message":"Unauthorized request to path: /bookmarks","level":"error"}
{"message":"Unauthorized request to path: /bookmarks","level":"error"}
{"message":"Unauthorized request to path: /bookmarks","level":"error"}
{"message":"Unauthorized request to path: /bookmarks","level":"error"}
{"message":"Unauthorized request to path: /bookmarks","level":"error"}
{"message":"Unauthorized request to path: /bookmarks","level":"error"}
{"message":"Unauthorized request to path: /bookmarks","level":"error"}
{"message":"Unauthorized request to path: /bookmarks","level":"error"}
{"message":"Unauthorized request to path: /bookmarks","level":"error"}
{"message":"Unauthorized request to path: /bookmarks","level":"error"}
{"message":"Unauthorized request to path: /bookmarks","level":"error"}
{"message":"Unauthorized request to path: /bookmarks","level":"error"}
{"message":"Unauthorized request to path: /bookmarks","level":"error"}
{"message":"Unauthorized request to path: /bookmarks","level":"error"}
{"message":"Unauthorized request to path: /bookmarks","level":"error"}
{"message":"Unauthorized request to path: /bookmarks","level":"error"}
{"message":"Bookmark with id 574b94c5-4f03-4106-8163-9ee51ca75012 created","level":"info"}
{"message":"Unauthorized request to path: /bookmarks","level":"error"}
{"message":"Unauthorized request to path: /bookmarks","level":"error"}
{"message":"Bookmark with id 20270cb6-4172-44ab-8af4-2e5d1ab1b7be created","level":"info"}
{"message":"Unauthorized request to path: /bookmarks","level":"error"}
{"message":"Bookmark with id a81ca3fc-2cfc-4ee4-836d-0cdc63faa872 created","level":"info"}
{"message":"Unauthorized request to path: /bookmarks","level":"error"}
{"message":"Bookmark with id 4d9f5ebb-234e-4b11-bfcc-6647dcffaa7e created","level":"info"}
{"message":"Bookmark with id 90f2f026-3180-457e-b1dd-0e53f3c46899 created","level":"info"}
{"message":"Unauthorized request to path: /bookmarks","level":"error"}
{"message":"Bookmark with id 042549aa-ea3f-4cb7-8c78-34f801ac6bd5 created","level":"info"}
{"message":"Unauthorized request to path: /bookmarks","level":"error"}
{"message":"Bookmark with id dbbcff3f-562a-45e5-a718-7d514fbb1f88 created","level":"info"}
{"message":"Bookmark with id 1154abae-c881-4bb7-9a94-92d2911c39ac created","level":"info"}
{"message":"Unauthorized request to path: /bookmarks","level":"error"}
{"message":"Bookmark with id 3ea479de-9a1f-4ec9-bab9-bb71b8dd27d4 created","level":"info"}
{"message":"Bookmark with id b41a8413-c9f7-493e-b3c3-2506bc1cd7ab created","level":"info"}
{"message":"Unauthorized request to path: /bookmarks","level":"error"}
{"message":"Title is required","level":"error"}
{"message":"Bookmark with id ebf5e544-e969-4fb6-8b77-5d35e21c7343 created","level":"info"}
{"message":"Unauthorized request to path: /bookmarks","level":"error"}
{"message":"Title is required","level":"error"}
{"message":"Bookmark with id da9de61d-cd17-4b9e-a918-adfc71eb5507 created","level":"info"}
{"message":"Unauthorized request to path: /bookmarks","level":"error"}
{"message":"Bookmark with id b059281e-a3e2-4ab3-a500-34173e73c93d created","level":"info"}
{"message":"Title is required","level":"error"}
{"message":"Unauthorized request to path: /bookmarks","level":"error"}
{"message":"Bookmark with id 7a73c02e-fbbf-4e38-8ff4-ac01519696f6 created","level":"info"}
{"message":"Title is required","level":"error"}
{"message":"Unauthorized request to path: /bookmarks","level":"error"}
{"message":"Bookmark with id bf356a06-505a-4a13-991d-86ddc144261a created","level":"info"}
{"message":"Title is required","level":"error"}
{"message":"Unauthorized request to path: /bookmarks","level":"error"}
{"message":"Bookmark with id 34c33b14-f08c-4e5d-8166-34a1a46defa8 created","level":"info"}
{"message":"Title is required","level":"error"}
{"message":"Unauthorized request to path: /bookmarks","level":"error"}
{"message":"Bookmark with id 99d78cd4-b743-4d1f-8872-8ce38f196bf9 created","level":"info"}
{"message":"Title is required","level":"error"}
{"message":"Unauthorized request to path: /bookmarks","level":"error"}
{"message":"Bookmark with id db9a3046-f74e-42b7-a942-2610339939b3 created","level":"info"}
{"message":"Unauthorized request to path: /bookmarks","level":"error"}
{"message":"Bookmark with id 85c5b4c7-8c5c-4a13-956c-13c7dc2a1c16 created","level":"info"}
{"message":"Title is required","level":"error"}
{"message":"Unauthorized request to path: /bookmarks","level":"error"}
{"message":"Bookmark with id 53b0229a-4240-4074-81ca-cbd495bf7903 created","level":"info"}
{"message":"Title is required","level":"error"}
{"message":"Unauthorized request to path: /bookmarks","level":"error"}
{"message":"Unauthorized request to path: /bookmarks","level":"error"}
{"message":"Bookmark with id d2cd2a5d-c8e7-431e-a1fe-e59b8c5497d7 created","level":"info"}
{"message":"Title is required","level":"error"}
{"message":"Unauthorized request to path: /bookmarks","level":"error"}
{"message":"Bookmark with id 8f15f014-52da-420b-8986-0ef64a5ec016 created","level":"info"}
{"message":"Unauthorized request to path: /bookmarks","level":"error"}
{"message":"Bookmark with id 1c3227e6-2b67-4ae0-ac42-51c6471de028 created","level":"info"}
{"message":"Title is required","level":"error"}
{"message":"Unauthorized request to path: /bookmarks","level":"error"}
{"message":"Unauthorized request to path: /bookmarks","level":"error"}
{"message":"Bookmark with id b58fe421-9376-41e7-8cfb-384a410211c5 created","level":"info"}
{"message":"Title is required","level":"error"}
{"message":"Unauthorized request to path: /bookmarks","level":"error"}
{"message":"Bookmark with id 730f6aa7-3472-41ca-83fe-c077ecec1f56 created","level":"info"}
{"message":"Title is required","level":"error"}
{"message":"Unauthorized request to path: /bookmarks","level":"error"}
{"message":"Bookmark with id 6862e3bd-c1f3-45da-b91e-f17152b7d60e created","level":"info"}
{"message":"Unauthorized request to path: /bookmarks","level":"error"}
{"message":"Bookmark with id 4eebc3d9-2eef-4d41-a96f-ef7c972ead2c created","level":"info"}
{"message":"Title is required","level":"error"}
{"message":"Bookmark with id 30850884-76b0-417c-b4f2-bafa71e83e6f deleted.","level":"info"}
{"message":"Bookmark with id 30850884-76b0-417c-b4f not found.","level":"error"}
{"message":"Unauthorized request to path: /bookmarks","level":"error"}
{"message":"Bookmark with id d117e0d8-fcec-4c70-99ca-2195faacd8ff created","level":"info"}
{"message":"Unauthorized request to path: /bookmarks","level":"error"}
{"message":"Bookmark with id 325ea8a6-23b0-49ab-bf6c-f6cb4eb29120 created","level":"info"}
{"message":"Title is required","level":"error"}
{"message":"Unauthorized request to path: /bookmarks","level":"error"}
{"message":"Bookmark with id 78deb72a-4ab3-4163-ba1d-be5db18c23d9 created","level":"info"}
{"message":"Title is required","level":"error"}
{"message":"Unauthorized request to path: /bookmarks","level":"error"}
{"message":"Bookmark with id 085fb40e-765f-4edf-b6f7-a680d6ba43b1 created","level":"info"}
{"message":"Title is required","level":"error"}
{"message":"Unauthorized request to path: /bookmarks","level":"error"}
{"message":"Bookmark with id 34592ecf-6006-4bdf-b2d0-5ad9467a5583 created","level":"info"}
{"message":"Title is required","level":"error"}
{"message":"Unauthorized request to path: /bookmarks","level":"error"}
{"message":"Unauthorized request to path: /bookmarks","level":"error"}
{"message":"Bookmark with id 3b4835a4-c20f-4f93-9ec5-937cdfa2f0ec created","level":"info"}
{"message":"Title is required","level":"error"}
{"message":"Unauthorized request to path: /bookmarks","level":"error"}
{"message":"Bookmark with id 07f03e19-eda1-47e7-a7d1-afa4efcb94a0 created","level":"info"}
{"message":"Title is required","level":"error"}
{"message":"Unauthorized request to path: /bookmarks","level":"error"}
{"message":"Bookmark with id 9fc97b4d-e812-49a2-9d8a-5c2dc1882007 created","level":"info"}
{"message":"Title is required","level":"error"}
{"message":"Unauthorized request to path: /bookmarks","level":"error"}
{"message":"Bookmark with id e7b01e6c-4f65-4426-8ded-873a0caadf0b created","level":"info"}
{"message":"Title is required","level":"error"}
{"message":"Unauthorized request to path: /bookmarks","level":"error"}
{"message":"Unauthorized request to path: /bookmarks","level":"error"}
{"message":"Bookmark with id 9dd9fe30-d721-4e18-a27a-bf6e0ddb03e8 created","level":"info"}
{"message":"Title is required","level":"error"}
{"message":"Bookmark with id TestBadID not found.","level":"error"}
{"message":"Unauthorized request to path: /bookmarks","level":"error"}
{"message":"Unauthorized request to path: /bookmarks","level":"error"}
{"message":"Bookmark with id ecfd52b3-aaae-45f6-9adc-9a31f7a0a9ff created","level":"info"}
{"message":"Title is required","level":"error"}
{"message":"Bookmark with id TestBadID not found.","level":"error"}
{"message":"Unauthorized request to path: /bookmarks","level":"error"}
{"message":"Bookmark with id 49ff61cd-9e48-48d7-827c-36ed8ea119a6 created","level":"info"}
{"message":"Title is required","level":"error"}
{"message":"Bookmark with id TestBadID not found.","level":"error"}
{"message":"Unauthorized request to path: /bookmarks","level":"error"}
{"message":"Unauthorized request to path: /bookmarks","level":"error"}
{"message":"Bookmark with id 0648cdd1-cc13-4c09-ac06-dc90bd562a7c created","level":"info"}
{"message":"Title is required","level":"error"}
{"message":"Bookmark with id TestBadID not found.","level":"error"}
{"message":"Unauthorized request to path: /bookmarks","level":"error"}
{"message":"Unauthorized request to path: /bookmarks","level":"error"}
{"message":"Bookmark with id 7d214251-4e1b-4a63-81f3-c985549b8ee2 created","level":"info"}
{"message":"Title is required","level":"error"}
{"message":"Bookmark with id TestBadID not found.","level":"error"}
{"message":"Unauthorized request to path: /bookmarks","level":"error"}
{"message":"Bookmark with id TestBadID not found.","level":"error"}
{"message":"Bookmark with id 2417156b-7546-42f1-9e72-11a03dc98cff created","level":"info"}
{"message":"Title is required","level":"error"}
{"message":"Bookmark with id TestBadID not found.","level":"error"}
{"message":"Unauthorized request to path: /bookmarks","level":"error"}
{"message":"Bookmark with id TestBadID not found.","level":"error"}
{"message":"Bookmark with id 0f5ce111-858d-4148-8b4b-177c2e80840b created","level":"info"}
{"message":"Unauthorized request to path: /bookmarks","level":"error"}
{"message":"Bookmark with id TestBadID not found.","level":"error"}
{"message":"Bookmark with id 88554f70-10b1-4085-a8cb-bebb1b2ea3e2 created","level":"info"}
{"message":"Title is required","level":"error"}
{"message":"Bookmark with id undefined not found.","level":"error"}
{"message":"Bookmark with id TestBadID not found.","level":"error"}
{"message":"Unauthorized request to path: /bookmarks","level":"error"}
{"message":"Unauthorized request to path: /bookmarks","level":"error"}
{"message":"Bookmark with id TestBadID not found.","level":"error"}
{"message":"Bookmark with id d2c369d8-ab4b-4458-943c-a6ec764721db created","level":"info"}
{"message":"Title is required","level":"error"}
{"message":"Bookmark with id undefined not found.","level":"error"}
{"message":"Bookmark with id TestBadID not found.","level":"error"}
